<?xml version="1.0" encoding="UTF-8"?>
<!-- Generated by org.testng.reporters.JUnitReportReporter -->
<testsuite hostname="DESKTOP-EP1U8J0" name="guru99GitPractice.testgit.AppTest" tests="1" failures="0" timestamp="21 Apr 2019 05:37:05 GMT" time="14.081" errors="0">
  <testcase name="shouldAnswerWithTrue" time="14.081" classname="guru99GitPractice.testgit.AppTest"/>
</testsuite> <!-- guru99GitPractice.testgit.AppTest -->
